<?xml version="1.0" encoding="UTF-8"?>
<!-- Generated by org.testng.reporters.JUnitXMLReporter -->
<testsuite hostname="BDTUDV31328" name="Gmail" tests="3" failures="1" timestamp="20 Feb 2017 06:18:05 GMT" time="0.009" errors="0">
  <testcase name="LoginPage" time="0.001" classname="AntTestNG.GmailTest"/>
  <testcase name="UserID" time="0.001" classname="AntTestNG.GmailTest"/>
  <testcase name="Password" time="0.002" classname="AntTestNG.GmailTest">
    <failure type="java.lang.AssertionError" message="3 is not greater than 12... expected [true] but found [false]">
      <![CDATA[java.lang.AssertionError: 3 is not greater than 12... expected [true] but found [false]
	at AntTestNG.GmailTest.Password(GmailTest.java:27)
... Removed 27 stack frames]]>
    </failure>
  </testcase> <!-- Password -->
</testsuite> <!-- Gmail -->
